0 info it worked if it ends with ok
1 verbose cli [ 'node', '/usr/local/bin/npm', 'publish' ]
2 info using npm@2.11.3
3 info using node@v0.12.7
4 verbose publish [ '.' ]
5 silly cache add args [ '.', null ]
6 verbose cache add spec .
7 silly cache add parsed spec { raw: '.',
7 silly cache add   scope: null,
7 silly cache add   name: null,
7 silly cache add   rawSpec: '.',
7 silly cache add   spec: '/Users/acastillo/git/optimize-lorentzian',
7 silly cache add   type: 'directory' }
8 verbose addLocalDirectory /Users/acastillo/.npm/ml-optimize-lorentzian/0.0.2/package.tgz not in flight; packing
9 verbose tar pack [ '/Users/acastillo/.npm/ml-optimize-lorentzian/0.0.2/package.tgz',
9 verbose tar pack   '/Users/acastillo/git/optimize-lorentzian' ]
10 verbose tarball /Users/acastillo/.npm/ml-optimize-lorentzian/0.0.2/package.tgz
11 verbose folder /Users/acastillo/git/optimize-lorentzian
12 info prepublish ml-optimize-lorentzian@0.0.2
13 verbose addLocalTarball adding from inside cache /Users/acastillo/.npm/ml-optimize-lorentzian/0.0.2/package.tgz
14 silly cache afterAdd ml-optimize-lorentzian@0.0.2
15 verbose afterAdd /Users/acastillo/.npm/ml-optimize-lorentzian/0.0.2/package/package.json not in flight; writing
16 verbose afterAdd /Users/acastillo/.npm/ml-optimize-lorentzian/0.0.2/package/package.json written
17 silly publish { name: 'ml-optimize-lorentzian',
17 silly publish   version: '0.0.2',
17 silly publish   description: 'Optimize Lorentzian',
17 silly publish   main: 'src/index.js',
17 silly publish   directories: { lib: 'src', test: 'test' },
17 silly publish   scripts:
17 silly publish    { test: 'mocha --require should --reporter mocha-better-spec-reporter --recursive',
17 silly publish      build: 'cheminfo build' },
17 silly publish   repository:
17 silly publish    { type: 'git',
17 silly publish      url: 'git+https://github.com/mljs/optimize-lorentzian.git' },
17 silly publish   keywords: [ 'Optimization', 'Loreztzian' ],
17 silly publish   author: { name: 'Andres Castillo' },
17 silly publish   license: 'MIT',
17 silly publish   bugs: { url: 'https://github.com/mljs/optimize-lorentzian/issues' },
17 silly publish   homepage: 'https://github.com/mljs/optimize-lorentzian',
17 silly publish   devDependencies:
17 silly publish    { 'cheminfo-tools': '^1.0.2',
17 silly publish      mocha: '^2.2.5',
17 silly publish      'mocha-better-spec-reporter': '^2.1.1',
17 silly publish      should: '^7.0.2' },
17 silly publish   dependencies: { 'ml-curve-fitting': '0.0.6', 'ml-matrix': '^0.1.0' },
17 silly publish   readme: '# ml-optimize-lorentzian\n\n  [![NPM version][npm-image]][npm-url]\n  [![build status][travis-image]][travis-url]\n  [![npm download][download-image]][download-url]\n\nBell optmization library. It cotains:\n\noptimizeSingleLorentzian: Function to fit a curve to a single 3 parameter Lorentzian function\noptimizeLorentzianSum: Function to fit a curve to a set of 3 parameters Lorentzian functions\noptimizeSingleGaussian: Function to fit a curve to a single 3 parameter Gaussian function\noptimizeGaussianSum: Function to fit a curve to a set of 3 parameters Gaussian functions\n\n## Installation\n\n`$ npm install ml-optimize-lorentzian`\n\n\n## License\n\n  [MIT](./LICENSE)\n\n[npm-image]: https://img.shields.io/npm/v/ml-optimize-lorentzian.svg?style=flat-square\n[npm-url]: https://npmjs.org/package/ml-optimize-lorentzian\n[travis-image]: https://img.shields.io/travis/mljs/optimize-lorentzian/master.svg?style=flat-square\n[travis-url]: https://travis-ci.org/mljs/optimize-lorentzian\n[download-image]: https://img.shields.io/npm/dm/ml-optimize-lorentzian.svg?style=flat-square\n[download-url]: https://npmjs.org/package/ml-optimize-lorentzian',
17 silly publish   readmeFilename: 'README.md',
17 silly publish   gitHead: '4af644c239babf12a5f2fc4878c106d255649537',
17 silly publish   _id: 'ml-optimize-lorentzian@0.0.2',
17 silly publish   _shasum: '8caaad64ecc583b933c457ce47a6016c81b9118b',
17 silly publish   _from: '.' }
18 verbose getPublishConfig undefined
19 silly mapToRegistry name ml-optimize-lorentzian
20 silly mapToRegistry using default registry
21 silly mapToRegistry registry https://registry.npmjs.org/
22 silly mapToRegistry uri https://registry.npmjs.org/ml-optimize-lorentzian
23 verbose publish registryBase https://registry.npmjs.org/
24 silly publish uploading /Users/acastillo/.npm/ml-optimize-lorentzian/0.0.2/package.tgz
25 verbose request uri https://registry.npmjs.org/ml-optimize-lorentzian
26 verbose request sending authorization for write operation
27 info attempt registry request try #1 at 4:15:20 PM
28 verbose request using bearer token for auth
29 verbose request id c23977fab1d454dc
30 http request PUT https://registry.npmjs.org/ml-optimize-lorentzian
31 http 403 https://registry.npmjs.org/ml-optimize-lorentzian
32 verbose headers { 'content-type': 'application/json',
32 verbose headers   'cache-control': 'max-age=60',
32 verbose headers   'content-length': '114',
32 verbose headers   'accept-ranges': 'bytes',
32 verbose headers   date: 'Wed, 14 Oct 2015 21:15:21 GMT',
32 verbose headers   via: '1.1 varnish',
32 verbose headers   connection: 'keep-alive',
32 verbose headers   'x-served-by': 'cache-iad2131-IAD',
32 verbose headers   'x-cache': 'MISS',
32 verbose headers   'x-cache-hits': '0',
32 verbose headers   'x-timer': 'S1444857320.268151,VS0,VE1048' }
33 verbose request invalidating /Users/acastillo/.npm/registry.npmjs.org/ml-optimize-lorentzian on PUT
34 error publish Failed PUT 403
35 verbose stack Error: You do not have permission to publish 'ml-optimize-lorentzian'. Are you logged in as the correct user? : ml-optimize-lorentzian
35 verbose stack     at CachingRegistryClient.<anonymous> (/usr/local/lib/node_modules/npm/node_modules/npm-registry-client/lib/request.js:247:14)
35 verbose stack     at Request._callback (/usr/local/lib/node_modules/npm/node_modules/npm-registry-client/lib/request.js:170:14)
35 verbose stack     at Request.self.callback (/usr/local/lib/node_modules/npm/node_modules/request/request.js:354:22)
35 verbose stack     at Request.emit (events.js:110:17)
35 verbose stack     at Request.<anonymous> (/usr/local/lib/node_modules/npm/node_modules/request/request.js:1207:14)
35 verbose stack     at Request.emit (events.js:129:20)
35 verbose stack     at IncomingMessage.<anonymous> (/usr/local/lib/node_modules/npm/node_modules/request/request.js:1153:12)
35 verbose stack     at IncomingMessage.emit (events.js:129:20)
35 verbose stack     at _stream_readable.js:908:16
35 verbose stack     at process._tickCallback (node.js:355:11)
36 verbose statusCode 403
37 verbose pkgid ml-optimize-lorentzian
38 verbose cwd /Users/acastillo/git/optimize-lorentzian
39 error Darwin 14.4.0
40 error argv "node" "/usr/local/bin/npm" "publish"
41 error node v0.12.7
42 error npm  v2.11.3
43 error code E403
44 error You do not have permission to publish 'ml-optimize-lorentzian'. Are you logged in as the correct user? : ml-optimize-lorentzian
45 error If you need help, you may report this error at:
45 error     <https://github.com/npm/npm/issues>
46 verbose exit [ 1, true ]
